{
  "RSpec": {
    "coverage": {
      "/Users/fedorius/Work/interviews/school-manager/app/models/course.rb": [
        1,
        1,
        null,
        1,
        1,
        null,
        1,
        1,
        null
      ],
      "/Users/fedorius/Work/interviews/school-manager/app/models/application_record.rb": [
        1,
        1,
        null
      ],
      "/Users/fedorius/Work/interviews/school-manager/app/models/student.rb": [
        1,
        1,
        null,
        1,
        1,
        1,
        null,
        1,
        1,
        null,
        1,
        0,
        null,
        null,
        1,
        0,
        null,
        null,
        null,
        0,
        null,
        null,
        null
      ],
      "/Users/fedorius/Work/interviews/school-manager/app/models/classroom.rb": [
        1,
        1,
        1,
        null,
        1,
        1,
        1,
        null,
        1,
        9,
        1,
        null,
        null,
        null
      ],
      "/Users/fedorius/Work/interviews/school-manager/app/controllers/api/course_students_controller.rb": [
        1,
        1,
        1,
        null,
        1,
        1,
        1,
        null,
        null,
        1,
        2,
        1,
        null,
        1,
        1,
        null,
        null,
        null,
        1,
        2,
        1,
        1,
        null,
        1,
        null,
        null,
        null,
        1,
        1,
        5,
        null,
        null,
        1,
        4,
        null,
        null
      ],
      "/Users/fedorius/Work/interviews/school-manager/app/controllers/api/api_base.rb": [
        1,
        1,
        1,
        null,
        null
      ],
      "/Users/fedorius/Work/interviews/school-manager/app/controllers/application_controller.rb": [
        1,
        1,
        null
      ],
      "/Users/fedorius/Work/interviews/school-manager/app/controllers/api/courses_controller.rb": [
        1,
        1,
        null,
        1,
        1,
        null,
        null,
        1,
        null,
        null,
        1,
        1,
        1,
        null,
        null,
        1,
        1,
        1,
        null,
        null,
        1,
        0,
        0,
        null,
        null,
        1,
        1,
        2,
        null,
        null,
        1,
        2,
        null,
        null
      ],
      "/Users/fedorius/Work/interviews/school-manager/app/controllers/api/students_controller.rb": [
        1,
        1,
        null,
        1,
        1,
        null,
        null,
        1,
        null,
        null,
        1,
        1,
        1,
        null,
        null,
        1,
        1,
        1,
        null,
        null,
        1,
        0,
        0,
        null,
        null,
        1,
        1,
        2,
        null,
        null,
        1,
        2,
        null,
        null
      ],
      "/Users/fedorius/Work/interviews/school-manager/app/channels/application_cable/channel.rb": [
        0,
        0,
        0,
        0
      ],
      "/Users/fedorius/Work/interviews/school-manager/app/channels/application_cable/connection.rb": [
        0,
        0,
        0,
        0
      ],
      "/Users/fedorius/Work/interviews/school-manager/app/controllers/dashboard_controller.rb": [
        0,
        0,
        0,
        0,
        0,
        0,
        0,
        0,
        0,
        0,
        0,
        0,
        0,
        0,
        0,
        0,
        0,
        0,
        0,
        0,
        0,
        0,
        0,
        0
      ],
      "/Users/fedorius/Work/interviews/school-manager/app/enumerators/status.rb": [
        0,
        0,
        0,
        0,
        0,
        0,
        0,
        0,
        0,
        0,
        0,
        0,
        0,
        0,
        0
      ],
      "/Users/fedorius/Work/interviews/school-manager/app/helpers/application_helper.rb": [
        0,
        0
      ],
      "/Users/fedorius/Work/interviews/school-manager/app/jobs/application_job.rb": [
        0,
        0
      ],
      "/Users/fedorius/Work/interviews/school-manager/app/mailers/application_mailer.rb": [
        0,
        0,
        0,
        0
      ]
    },
    "timestamp": 1475692184
  }
}
